This is pdfTeX, Version 3.14159265-2.6-1.40.15 (TeX Live 2014) (preloaded format=pdflatex 2014.10.17)  12 MAR 2015 17:38
entering extended mode
 restricted \write18 enabled.
 file:line:error style messages enabled.
 %&-line parsing enabled.
**rehearsals.tex
(./rehearsals.tex
LaTeX2e <2014/05/01>
Babel <3.9k> and hyphenation patterns for 78 languages loaded.
(./IEEEtran.cls
Document Class: IEEEtran 2012/11/21 V1.8c by Harald Hanche-Olsen and Anders Chr
istensen
-- Based on V1.7a by Michael Shell
-- See the "IEEEtran_HOWTO" manual for usage information.
-- http://www.michaelshell.org/tex/ieeetran/
\@IEEEtrantmpdimenA=\dimen102
\@IEEEtrantmpdimenB=\dimen103
\@IEEEtrantmpcountA=\count79
\@IEEEtrantmpcountB=\count80
\@IEEEtrantmptoksA=\toks14
LaTeX Font Info:    Try loading font information for OT1+ptm on input line 373.

(/usr/local/texlive/2014/texmf-dist/tex/latex/psnfss/ot1ptm.fd
File: ot1ptm.fd 2001/06/04 font definitions for OT1/ptm.
)
-- Using 8.5in x 11in (letter) paper.
-- Using PDF output.
\@IEEEnormalsizeunitybaselineskip=\dimen104
-- This is a 10 point document.
\CLASSINFOnormalsizebaselineskip=\dimen105
\CLASSINFOnormalsizeunitybaselineskip=\dimen106
\IEEEnormaljot=\dimen107
LaTeX Font Info:    Font shape `OT1/ptm/bx/n' in size <5> not available
(Font)              Font shape `OT1/ptm/b/n' tried instead on input line 731.
LaTeX Font Info:    Font shape `OT1/ptm/bx/it' in size <5> not available
(Font)              Font shape `OT1/ptm/b/it' tried instead on input line 731.
LaTeX Font Info:    Font shape `OT1/ptm/bx/n' in size <7> not available
(Font)              Font shape `OT1/ptm/b/n' tried instead on input line 731.
LaTeX Font Info:    Font shape `OT1/ptm/bx/it' in size <7> not available
(Font)              Font shape `OT1/ptm/b/it' tried instead on input line 731.
LaTeX Font Info:    Font shape `OT1/ptm/bx/n' in size <8> not available
(Font)              Font shape `OT1/ptm/b/n' tried instead on input line 731.
LaTeX Font Info:    Font shape `OT1/ptm/bx/it' in size <8> not available
(Font)              Font shape `OT1/ptm/b/it' tried instead on input line 731.
LaTeX Font Info:    Font shape `OT1/ptm/bx/n' in size <9> not available
(Font)              Font shape `OT1/ptm/b/n' tried instead on input line 731.
LaTeX Font Info:    Font shape `OT1/ptm/bx/it' in size <9> not available
(Font)              Font shape `OT1/ptm/b/it' tried instead on input line 731.
LaTeX Font Info:    Font shape `OT1/ptm/bx/n' in size <10> not available
(Font)              Font shape `OT1/ptm/b/n' tried instead on input line 731.
LaTeX Font Info:    Font shape `OT1/ptm/bx/it' in size <10> not available
(Font)              Font shape `OT1/ptm/b/it' tried instead on input line 731.
LaTeX Font Info:    Font shape `OT1/ptm/bx/n' in size <11> not available
(Font)              Font shape `OT1/ptm/b/n' tried instead on input line 731.
LaTeX Font Info:    Font shape `OT1/ptm/bx/it' in size <11> not available
(Font)              Font shape `OT1/ptm/b/it' tried instead on input line 731.
LaTeX Font Info:    Font shape `OT1/ptm/bx/n' in size <12> not available
(Font)              Font shape `OT1/ptm/b/n' tried instead on input line 731.
LaTeX Font Info:    Font shape `OT1/ptm/bx/it' in size <12> not available
(Font)              Font shape `OT1/ptm/b/it' tried instead on input line 731.
LaTeX Font Info:    Font shape `OT1/ptm/bx/n' in size <17> not available
(Font)              Font shape `OT1/ptm/b/n' tried instead on input line 731.
LaTeX Font Info:    Font shape `OT1/ptm/bx/it' in size <17> not available
(Font)              Font shape `OT1/ptm/b/it' tried instead on input line 731.
LaTeX Font Info:    Font shape `OT1/ptm/bx/n' in size <20> not available
(Font)              Font shape `OT1/ptm/b/n' tried instead on input line 731.
LaTeX Font Info:    Font shape `OT1/ptm/bx/it' in size <20> not available
(Font)              Font shape `OT1/ptm/b/it' tried instead on input line 731.
LaTeX Font Info:    Font shape `OT1/ptm/bx/n' in size <24> not available
(Font)              Font shape `OT1/ptm/b/n' tried instead on input line 731.
LaTeX Font Info:    Font shape `OT1/ptm/bx/it' in size <24> not available
(Font)              Font shape `OT1/ptm/b/it' tried instead on input line 731.
\IEEEilabelindentA=\dimen108
\IEEEilabelindentB=\dimen109
\IEEEilabelindent=\dimen110
\IEEEelabelindent=\dimen111
\IEEEdlabelindent=\dimen112
\IEEElabelindent=\dimen113
\IEEEiednormlabelsep=\dimen114
\IEEEiedmathlabelsep=\dimen115
\IEEEiedtopsep=\skip41
\c@section=\count81
\c@subsection=\count82
\c@subsubsection=\count83
\c@paragraph=\count84
\c@IEEEsubequation=\count85
\abovecaptionskip=\skip42
\belowcaptionskip=\skip43
\c@figure=\count86
\c@table=\count87
\@IEEEeqnnumcols=\count88
\@IEEEeqncolcnt=\count89
\@IEEEtmpitemindent=\dimen116
\c@IEEEbiography=\count90
\@IEEEtranrubishbin=\box26
) (/usr/local/texlive/2014/texmf-dist/tex/generic/babel/babel.sty
Package: babel 2014/03/24 3.9k The Babel package

(/usr/local/texlive/2014/texmf-dist/tex/generic/babel-french/frenchb.ldf
Language: frenchb 2014/04/18 v3.0c French support from the babel system

(/usr/local/texlive/2014/texmf-dist/tex/generic/babel/babel.def
File: babel.def 2014/03/24 3.9k Babel common definitions
\babel@savecnt=\count91
\U@D=\dimen117
)
\l@acadian = a dialect from \language\l@french 
\l@canadien = a dialect from \language\l@french 
\FBcolonskip=\skip44
\FBthinskip=\skip45
\FB@interchartokenstateORI=\count92
Package babel Info: Making : an active character on input line 371.
Package babel Info: Making ; an active character on input line 372.
Package babel Info: Making ! an active character on input line 373.
Package babel Info: Making ? an active character on input line 374.
\FBguillskip=\skip46
\FB@Mht=\dimen118
\std@mcc=\count93
\dec@mcc=\count94
\listindentFB=\skip47
\labelwidthFB=\skip48
\leftmarginFB=\skip49
\parindentFFN=\dimen119
)
(/usr/local/texlive/2014/texmf-dist/tex/generic/babel-english/english.ldf
Language: english 2012/08/20 v3.3p English support from the babel system
\l@canadian = a dialect from \language\l@american 
\l@australian = a dialect from \language\l@british 
\l@newzealand = a dialect from \language\l@british 
))
(/usr/local/texlive/2014/texmf-dist/tex/latex/carlisle/scalefnt.sty)
(/usr/local/texlive/2014/texmf-dist/tex/latex/graphics/keyval.sty
Package: keyval 2014/05/08 v1.15 key=value parser (DPC)
\KV@toks@=\toks15
)
(/usr/local/texlive/2014/texmf-dist/tex/latex/aeguill/aeguill.sty
Package: aeguill 2003/08/02 1.02 AE fonts with french guillemets (D. Roegel)

(/usr/local/texlive/2014/texmf-dist/tex/latex/ae/ae.sty
Package: ae 2001/02/12 1.3 Almost European Computer Modern

(/usr/local/texlive/2014/texmf-dist/tex/latex/base/fontenc.sty
Package: fontenc 2005/09/27 v1.99g Standard LaTeX package

(/usr/local/texlive/2014/texmf-dist/tex/latex/base/t1enc.def
File: t1enc.def 2005/09/27 v1.99g Standard LaTeX file
LaTeX Font Info:    Redeclaring font encoding T1 on input line 43.
)
LaTeX Font Info:    Try loading font information for T1+aer on input line 100.

(/usr/local/texlive/2014/texmf-dist/tex/latex/ae/t1aer.fd
File: t1aer.fd 1997/11/16 Font definitions for T1/aer.
))))
(/usr/local/texlive/2014/texmf-dist/tex/latex/base/fontenc.sty
Package: fontenc 2005/09/27 v1.99g Standard LaTeX package

(/usr/local/texlive/2014/texmf-dist/tex/latex/base/t1enc.def
File: t1enc.def 2005/09/27 v1.99g Standard LaTeX file
LaTeX Font Info:    Redeclaring font encoding T1 on input line 43.
))
(/usr/local/texlive/2014/texmf-dist/tex/latex/base/inputenc.sty
Package: inputenc 2014/04/30 v1.2b Input encoding file
\inpenc@prehook=\toks16
\inpenc@posthook=\toks17

(/usr/local/texlive/2014/texmf-dist/tex/latex/base/latin1.def
File: latin1.def 2014/04/30 v1.2b Input encoding file
))
(/usr/local/texlive/2014/texmf-dist/tex/latex/txfonts/txfonts.sty
Package: txfonts 2008/01/22 v3.2.1
LaTeX Font Info:    Redeclaring symbol font `operators' on input line 21.
LaTeX Font Info:    Overwriting symbol font `operators' in version `normal'
(Font)                  OT1/cmr/m/n --> OT1/txr/m/n on input line 21.
LaTeX Font Info:    Overwriting symbol font `operators' in version `bold'
(Font)                  OT1/cmr/bx/n --> OT1/txr/m/n on input line 21.
LaTeX Font Info:    Overwriting symbol font `operators' in version `bold'
(Font)                  OT1/txr/m/n --> OT1/txr/bx/n on input line 22.
\symitalic=\mathgroup4
LaTeX Font Info:    Overwriting symbol font `italic' in version `bold'
(Font)                  OT1/txr/m/it --> OT1/txr/bx/it on input line 26.
LaTeX Font Info:    Redeclaring math alphabet \mathbf on input line 29.
LaTeX Font Info:    Overwriting math alphabet `\mathbf' in version `normal'
(Font)                  OT1/cmr/bx/n --> OT1/txr/bx/n on input line 29.
LaTeX Font Info:    Overwriting math alphabet `\mathbf' in version `bold'
(Font)                  OT1/cmr/bx/n --> OT1/txr/bx/n on input line 29.
LaTeX Font Info:    Redeclaring math alphabet \mathit on input line 30.
LaTeX Font Info:    Overwriting math alphabet `\mathit' in version `normal'
(Font)                  OT1/cmr/m/it --> OT1/txr/m/it on input line 30.
LaTeX Font Info:    Overwriting math alphabet `\mathit' in version `bold'
(Font)                  OT1/cmr/bx/it --> OT1/txr/m/it on input line 30.
LaTeX Font Info:    Overwriting math alphabet `\mathit' in version `bold'
(Font)                  OT1/txr/m/it --> OT1/txr/bx/it on input line 31.
LaTeX Font Info:    Redeclaring math alphabet \mathsf on input line 40.
LaTeX Font Info:    Overwriting math alphabet `\mathsf' in version `normal'
(Font)                  OT1/cmss/m/n --> OT1/txss/m/n on input line 40.
LaTeX Font Info:    Overwriting math alphabet `\mathsf' in version `bold'
(Font)                  OT1/cmss/bx/n --> OT1/txss/m/n on input line 40.
LaTeX Font Info:    Overwriting math alphabet `\mathsf' in version `bold'
(Font)                  OT1/txss/m/n --> OT1/txss/b/n on input line 41.
LaTeX Font Info:    Redeclaring math alphabet \mathtt on input line 50.
LaTeX Font Info:    Overwriting math alphabet `\mathtt' in version `normal'
(Font)                  OT1/cmtt/m/n --> OT1/txtt/m/n on input line 50.
LaTeX Font Info:    Overwriting math alphabet `\mathtt' in version `bold'
(Font)                  OT1/cmtt/m/n --> OT1/txtt/m/n on input line 50.
LaTeX Font Info:    Overwriting math alphabet `\mathtt' in version `bold'
(Font)                  OT1/txtt/m/n --> OT1/txtt/b/n on input line 51.
LaTeX Font Info:    Redeclaring symbol font `letters' on input line 58.
LaTeX Font Info:    Overwriting symbol font `letters' in version `normal'
(Font)                  OML/cmm/m/it --> OML/txmi/m/it on input line 58.
LaTeX Font Info:    Overwriting symbol font `letters' in version `bold'
(Font)                  OML/cmm/b/it --> OML/txmi/m/it on input line 58.
LaTeX Font Info:    Overwriting symbol font `letters' in version `bold'
(Font)                  OML/txmi/m/it --> OML/txmi/bx/it on input line 59.
\symlettersA=\mathgroup5
LaTeX Font Info:    Overwriting symbol font `lettersA' in version `bold'
(Font)                  U/txmia/m/it --> U/txmia/bx/it on input line 67.
LaTeX Font Info:    Redeclaring symbol font `symbols' on input line 77.
LaTeX Font Info:    Overwriting symbol font `symbols' in version `normal'
(Font)                  OMS/cmsy/m/n --> OMS/txsy/m/n on input line 77.
LaTeX Font Info:    Overwriting symbol font `symbols' in version `bold'
(Font)                  OMS/cmsy/b/n --> OMS/txsy/m/n on input line 77.
LaTeX Font Info:    Overwriting symbol font `symbols' in version `bold'
(Font)                  OMS/txsy/m/n --> OMS/txsy/bx/n on input line 78.
\symAMSa=\mathgroup6
LaTeX Font Info:    Overwriting symbol font `AMSa' in version `bold'
(Font)                  U/txsya/m/n --> U/txsya/bx/n on input line 94.
\symAMSb=\mathgroup7
LaTeX Font Info:    Overwriting symbol font `AMSb' in version `bold'
(Font)                  U/txsyb/m/n --> U/txsyb/bx/n on input line 103.
\symsymbolsC=\mathgroup8
LaTeX Font Info:    Overwriting symbol font `symbolsC' in version `bold'
(Font)                  U/txsyc/m/n --> U/txsyc/bx/n on input line 113.
LaTeX Font Info:    Redeclaring symbol font `largesymbols' on input line 120.
LaTeX Font Info:    Overwriting symbol font `largesymbols' in version `normal'
(Font)                  OMX/cmex/m/n --> OMX/txex/m/n on input line 120.
LaTeX Font Info:    Overwriting symbol font `largesymbols' in version `bold'
(Font)                  OMX/cmex/m/n --> OMX/txex/m/n on input line 120.
LaTeX Font Info:    Overwriting symbol font `largesymbols' in version `bold'
(Font)                  OMX/txex/m/n --> OMX/txex/bx/n on input line 121.
\symlargesymbolsA=\mathgroup9
LaTeX Font Info:    Overwriting symbol font `largesymbolsA' in version `bold'
(Font)                  U/txexa/m/n --> U/txexa/bx/n on input line 129.
LaTeX Info: Redefining \not on input line 1043.
)
(/usr/local/texlive/2014/texmf-dist/tex/latex/graphics/graphicx.sty
Package: graphicx 2014/04/25 v1.0g Enhanced LaTeX Graphics (DPC,SPQR)

(/usr/local/texlive/2014/texmf-dist/tex/latex/graphics/graphics.sty
Package: graphics 2009/02/05 v1.0o Standard LaTeX Graphics (DPC,SPQR)

(/usr/local/texlive/2014/texmf-dist/tex/latex/graphics/trig.sty
Package: trig 1999/03/16 v1.09 sin cos tan (DPC)
)
(/usr/local/texlive/2014/texmf-dist/tex/latex/latexconfig/graphics.cfg
File: graphics.cfg 2010/04/23 v1.9 graphics configuration of TeX Live
)
Package graphics Info: Driver file: pdftex.def on input line 91.

(/usr/local/texlive/2014/texmf-dist/tex/latex/pdftex-def/pdftex.def
File: pdftex.def 2011/05/27 v0.06d Graphics/color for pdfTeX

(/usr/local/texlive/2014/texmf-dist/tex/generic/oberdiek/infwarerr.sty
Package: infwarerr 2010/04/08 v1.3 Providing info/warning/error messages (HO)
)
(/usr/local/texlive/2014/texmf-dist/tex/generic/oberdiek/ltxcmds.sty
Package: ltxcmds 2011/11/09 v1.22 LaTeX kernel commands for general use (HO)
)
\Gread@gobject=\count95
))
\Gin@req@height=\dimen120
\Gin@req@width=\dimen121
)
(./rehearsals.aux)
\openout1 = `rehearsals.aux'.

LaTeX Font Info:    Checking defaults for OML/txmi/m/it on input line 357.
LaTeX Font Info:    Try loading font information for OML+txmi on input line 357
.

(/usr/local/texlive/2014/texmf-dist/tex/latex/txfonts/omltxmi.fd
File: omltxmi.fd 2000/12/15 v3.1
)
LaTeX Font Info:    ... okay on input line 357.
LaTeX Font Info:    Checking defaults for T1/cmr/m/n on input line 357.
LaTeX Font Info:    ... okay on input line 357.
LaTeX Font Info:    Checking defaults for OT1/cmr/m/n on input line 357.
LaTeX Font Info:    ... okay on input line 357.
LaTeX Font Info:    Checking defaults for OMS/txsy/m/n on input line 357.
LaTeX Font Info:    Try loading font information for OMS+txsy on input line 357
.

(/usr/local/texlive/2014/texmf-dist/tex/latex/txfonts/omstxsy.fd
File: omstxsy.fd 2000/12/15 v3.1
)
LaTeX Font Info:    ... okay on input line 357.
LaTeX Font Info:    Checking defaults for OMX/txex/m/n on input line 357.
LaTeX Font Info:    Try loading font information for OMX+txex on input line 357
.

(/usr/local/texlive/2014/texmf-dist/tex/latex/txfonts/omxtxex.fd
File: omxtxex.fd 2000/12/15 v3.1
)
LaTeX Font Info:    ... okay on input line 357.
LaTeX Font Info:    Checking defaults for U/txexa/m/n on input line 357.
LaTeX Font Info:    Try loading font information for U+txexa on input line 357.


(/usr/local/texlive/2014/texmf-dist/tex/latex/txfonts/utxexa.fd
File: utxexa.fd 2000/12/15 v3.1
)
LaTeX Font Info:    ... okay on input line 357.
LaTeX Font Info:    Try loading font information for T1+txr on input line 357.

(/usr/local/texlive/2014/texmf-dist/tex/latex/txfonts/t1txr.fd
File: t1txr.fd 2000/12/15 v3.1
)
LaTeX Info: Redefining \degres on input line 357.


Package frenchb.ldf Warning: Figures' and tables' captions might look like
(frenchb.ldf)                `Figure 1:' which is wrong in French.
(frenchb.ldf)                Check your class or packages to change this;
(frenchb.ldf)                reported on input line 357.

LaTeX Info: Redefining \dots on input line 357.
LaTeX Info: Redefining \up on input line 357.
(/usr/local/texlive/2014/texmf-dist/tex/context/base/supp-pdf.mkii
[Loading MPS to PDF converter (version 2006.09.02).]
\scratchcounter=\count96
\scratchdimen=\dimen122
\scratchbox=\box27
\nofMPsegments=\count97
\nofMParguments=\count98
\everyMPshowfont=\toks18
\MPscratchCnt=\count99
\MPscratchDim=\dimen123
\MPnumerator=\count100
\makeMPintoPDFobject=\count101
\everyMPtoPDFconversion=\toks19
) (/usr/local/texlive/2014/texmf-dist/tex/generic/oberdiek/pdftexcmds.sty
Package: pdftexcmds 2011/11/29 v0.20 Utility functions of pdfTeX for LuaTeX (HO
)

(/usr/local/texlive/2014/texmf-dist/tex/generic/oberdiek/ifluatex.sty
Package: ifluatex 2010/03/01 v1.3 Provides the ifluatex switch (HO)
Package ifluatex Info: LuaTeX not detected.
)
(/usr/local/texlive/2014/texmf-dist/tex/generic/oberdiek/ifpdf.sty
Package: ifpdf 2011/01/30 v2.3 Provides the ifpdf switch (HO)
Package ifpdf Info: pdfTeX in PDF mode is detected.
)
Package pdftexcmds Info: LuaTeX not detected.
Package pdftexcmds Info: \pdf@primitive is available.
Package pdftexcmds Info: \pdf@ifprimitive is available.
Package pdftexcmds Info: \pdfdraftmode found.
)
(/usr/local/texlive/2014/texmf-dist/tex/latex/oberdiek/epstopdf-base.sty
Package: epstopdf-base 2010/02/09 v2.5 Base part for package epstopdf

(/usr/local/texlive/2014/texmf-dist/tex/latex/oberdiek/grfext.sty
Package: grfext 2010/08/19 v1.1 Manage graphics extensions (HO)

(/usr/local/texlive/2014/texmf-dist/tex/generic/oberdiek/kvdefinekeys.sty
Package: kvdefinekeys 2011/04/07 v1.3 Define keys (HO)
))
(/usr/local/texlive/2014/texmf-dist/tex/latex/oberdiek/kvoptions.sty
Package: kvoptions 2011/06/30 v3.11 Key value format for package options (HO)

(/usr/local/texlive/2014/texmf-dist/tex/generic/oberdiek/kvsetkeys.sty
Package: kvsetkeys 2012/04/25 v1.16 Key value parser (HO)

(/usr/local/texlive/2014/texmf-dist/tex/generic/oberdiek/etexcmds.sty
Package: etexcmds 2011/02/16 v1.5 Avoid name clashes with e-TeX commands (HO)
Package etexcmds Info: Could not find \expanded.
(etexcmds)             That can mean that you are not using pdfTeX 1.50 or
(etexcmds)             that some package has redefined \expanded.
(etexcmds)             In the latter case, load this package earlier.
)))
Package grfext Info: Graphics extension search list:
(grfext)             [.png,.pdf,.jpg,.mps,.jpeg,.jbig2,.jb2,.PNG,.PDF,.JPG,.JPE
G,.JBIG2,.JB2,.eps]
(grfext)             \AppendGraphicsExtensions on input line 452.

(/usr/local/texlive/2014/texmf-dist/tex/latex/latexconfig/epstopdf-sys.cfg
File: epstopdf-sys.cfg 2010/07/13 v1.3 Configuration of (r)epstopdf for TeX Liv
e
))
** ATTENTION: \keywords is deprecated (line 441). Use \IEEEkeywords instead.

Underfull \hbox (badness 2818) in paragraph at lines 465--467
[]\T1/txr/m/n/10 Spectacle en ligne : com-plete work-flow for a na-
 []


Underfull \hbox (badness 1616) in paragraph at lines 548--549
[]\T1/txr/m/n/10 Describe fine-grained brows-ing in-ter-faces al-low-ing to
 []

[1{/usr/local/texlive/2014/texmf-var/fonts/map/pdftex/updmap/pdftex.map}


]
(./rehearsals.bbl)

** Conference Paper **
Before submitting the final camera ready copy, remember to:

 1. Manually equalize the lengths of two columns on the last page
 of your paper;

 2. Ensure that any PostScript and/or PDF output post-processing
 uses only Type 1 fonts and that every step in the generation
 process uses the appropriate paper size.

[2

] (./rehearsals.aux) ) 
Here is how much of TeX's memory you used:
 4235 strings out of 493117
 61588 string characters out of 6135432
 122905 words of memory out of 5000000
 7622 multiletter control sequences out of 15000+600000
 108872 words of font info for 113 fonts, out of 8000000 for 9000
 1144 hyphenation exceptions out of 8191
 37i,6n,30p,236b,439s stack positions out of 5000i,500n,10000p,200000b,80000s
{/usr/local/texlive/2014/texmf-dist/fonts/enc/dvips/base/
8r.enc}</usr/local/texlive/2014/texmf-dist/fonts/type1/public/txfonts/rtxr.pfb>
</usr/local/texlive/2014/texmf-dist/fonts/type1/public/txfonts/rtxsc.pfb></usr/
local/texlive/2014/texmf-dist/fonts/type1/urw/times/utmb8a.pfb></usr/local/texl
ive/2014/texmf-dist/fonts/type1/urw/times/utmbi8a.pfb></usr/local/texlive/2014/
texmf-dist/fonts/type1/urw/times/utmr8a.pfb></usr/local/texlive/2014/texmf-dist
/fonts/type1/urw/times/utmri8a.pfb>
Output written on rehearsals.pdf (2 pages, 61949 bytes).
PDF statistics:
 36 PDF objects out of 1000 (max. 8388607)
 25 compressed objects within 1 object stream
 0 named destinations out of 1000 (max. 500000)
 1 words of extra memory for PDF output out of 10000 (max. 10000000)

